0 info it worked if it ends with ok
1 verbose cli [ '/Users/dkat/.nvm/versions/node/v5.9.1/bin/node',
1 verbose cli   '/Users/dkat/.nvm/versions/node/v5.9.1/bin/npm',
1 verbose cli   'start' ]
2 info using npm@3.7.3
3 info using node@v5.9.1
4 verbose run-script [ 'prestart', 'start', 'poststart' ]
5 info lifecycle nodeauth@0.0.0~prestart: nodeauth@0.0.0
6 silly lifecycle nodeauth@0.0.0~prestart: no script for prestart, continuing
7 info lifecycle nodeauth@0.0.0~start: nodeauth@0.0.0
8 verbose lifecycle nodeauth@0.0.0~start: unsafe-perm in lifecycle true
9 verbose lifecycle nodeauth@0.0.0~start: PATH: /Users/dkat/.nvm/versions/node/v5.9.1/lib/node_modules/npm/bin/node-gyp-bin:/Users/dkat/projects/node-projects/nodeauth/node_modules/.bin:/Users/dkat/.nvm/versions/node/v5.9.1/bin:/Users/dkat/.rvm/gems/ruby-2.3.1/bin:/Users/dkat/.rvm/gems/ruby-2.3.1@global/bin:/Users/dkat/.rvm/rubies/ruby-2.3.1/bin:/Users/dkat/.nvm/versions/node/v5.9.1/bin:/usr/local/bin:/usr/bin:/bin:/usr/sbin:/sbin:/Users/dkat/.rvm/bin:/Applications/Postgres.app/Contents/Versions/latest/bin:/Users/dkat/.rvm/bin
10 verbose lifecycle nodeauth@0.0.0~start: CWD: /Users/dkat/projects/node-projects/nodeauth
11 silly lifecycle nodeauth@0.0.0~start: Args: [ '-c', 'node ./bin/www' ]
12 silly lifecycle nodeauth@0.0.0~start: Returned: code: 1  signal: null
13 info lifecycle nodeauth@0.0.0~start: Failed to exec start script
14 verbose stack Error: nodeauth@0.0.0 start: `node ./bin/www`
14 verbose stack Exit status 1
14 verbose stack     at EventEmitter.<anonymous> (/Users/dkat/.nvm/versions/node/v5.9.1/lib/node_modules/npm/lib/utils/lifecycle.js:239:16)
14 verbose stack     at emitTwo (events.js:100:13)
14 verbose stack     at EventEmitter.emit (events.js:185:7)
14 verbose stack     at ChildProcess.<anonymous> (/Users/dkat/.nvm/versions/node/v5.9.1/lib/node_modules/npm/lib/utils/spawn.js:24:14)
14 verbose stack     at emitTwo (events.js:100:13)
14 verbose stack     at ChildProcess.emit (events.js:185:7)
14 verbose stack     at maybeClose (internal/child_process.js:850:16)
14 verbose stack     at Process.ChildProcess._handle.onexit (internal/child_process.js:215:5)
15 verbose pkgid nodeauth@0.0.0
16 verbose cwd /Users/dkat/projects/node-projects/nodeauth
17 error Darwin 15.5.0
18 error argv "/Users/dkat/.nvm/versions/node/v5.9.1/bin/node" "/Users/dkat/.nvm/versions/node/v5.9.1/bin/npm" "start"
19 error node v5.9.1
20 error npm  v3.7.3
21 error code ELIFECYCLE
22 error nodeauth@0.0.0 start: `node ./bin/www`
22 error Exit status 1
23 error Failed at the nodeauth@0.0.0 start script 'node ./bin/www'.
23 error Make sure you have the latest version of node.js and npm installed.
23 error If you do, this is most likely a problem with the nodeauth package,
23 error not with npm itself.
23 error Tell the author that this fails on your system:
23 error     node ./bin/www
23 error You can get information on how to open an issue for this project with:
23 error     npm bugs nodeauth
23 error Or if that isn't available, you can get their info via:
23 error     npm owner ls nodeauth
23 error There is likely additional logging output above.
24 verbose exit [ 1, true ]
